2019-01-09T04:24:04.794Z WARN    :HLFConnection            :_connectToEventHubs()     event hub peer0.org1.example.com:7051 failed to connect: 14 UNAVAILABLE: Connect Failed {}$
2019-01-09T04:25:04.775Z WARN    :HLFConnection            :_connectToEventHubs()     event hub peer0.org2.example.com:8051 failed to connect: 14 UNAVAILABLE: Connect Failed {}$
2019-01-09T04:25:08.172Z ERROR   :HLFConnectionManager     :fabric-client()           [Remote.js]: Error: Failed to connect before the deadline {}$
2019-01-09T04:26:22.465Z WARN    :HLFConnection            :_connectToEventHubs()     event hub peer0.org1.example.com:7051 failed to connect: 14 UNAVAILABLE: Connect Failed {}$
2019-01-09T04:37:02.575Z WARN    :HLFConnection            :_connectToEventHubs()     event hub peer0.org1.example.com:7051 failed to connect: 14 UNAVAILABLE: Connect Failed {}$
2019-01-09T04:38:02.555Z WARN    :HLFConnection            :_connectToEventHubs()     event hub peer0.org2.example.com:8051 failed to connect: 14 UNAVAILABLE: Connect Failed {}$
2019-01-09T04:38:05.962Z ERROR   :HLFConnectionManager     :fabric-client()           [Remote.js]: Error: Failed to connect before the deadline {}$
2019-01-09T04:42:49.861Z WARN    :HLFConnection            :_connectToEventHubs()     event hub peer0.org1.example.com:7051 failed to connect: 14 UNAVAILABLE: Connect Failed {}$
2019-01-09T04:48:03.969Z WARN    :HLFConnection            :_connectToEventHubs()     event hub peer0.org2.example.com:8051 failed to connect: 14 UNAVAILABLE: Connect Failed {}$
2019-01-09T04:52:01.816Z WARN    :HLFConnection            :_connectToEventHubs()     event hub peer0.org2.example.com:8051 failed to connect: 14 UNAVAILABLE: Connect Failed {}$
2019-01-09T04:52:02.253Z ERROR   :HLFConnectionManager     :fabric-client()           [client-utils.js]: sendPeersProposal - Promise is rejected: Error: error installing chaincode code orcicare-network4:0.0.3(chaincode /var/hyperledger/production/chaincodes/orcicare-network4.0.0.3 exists)
    at /home/ubuntu/.nvm/versions/node/v8.11.1/lib/node_modules/composer-cli/node_modules/fabric-client/lib/Peer.js:114:16
    at /home/ubuntu/.nvm/versions/node/v8.11.1/lib/node_modules/composer-cli/node_modules/grpc/src/client.js:586:7 {}$
2019-01-09T04:53:06.245Z WARN    :HLFConnection            :_connectToEventHubs()     event hub peer0.org2.example.com:8051 failed to connect: 14 UNAVAILABLE: Connect Failed {}$
2019-01-09T04:53:06.254Z WARN    :HLFConnection            :_checkEventHubStrategy()  No connected event hubs found, attempting to re-establish event hubs {}$
2019-01-09T04:54:06.272Z WARN    :HLFConnection            :_connectToEventHubs()     event hub peer0.org2.example.com:8051 failed to connect: 14 UNAVAILABLE: Connect Failed {}$
2019-01-09T04:55:12.202Z WARN    :HLFConnection            :_connectToEventHubs()     event hub peer0.org2.example.com:8051 failed to connect: 14 UNAVAILABLE: Connect Failed {}$
2019-01-09T04:55:12.203Z WARN    :HLFConnection            :_registerForChaincodeEven could not find any connected event hubs out of 2 defined hubs to listen on for chaincode events {}$
2019-01-09T04:55:12.231Z ERROR   :HLFConnectionManager     :fabric-client()           [client-utils.js]: sendPeersProposal - Promise is rejected: Error: make sure the chaincode orcicare-network4 has been successfully instantiated and try again: chaincode orcicare-network4 not found
    at /home/ubuntu/.nvm/versions/node/v8.11.1/lib/node_modules/composer-cli/node_modules/fabric-client/lib/Peer.js:114:16
    at /home/ubuntu/.nvm/versions/node/v8.11.1/lib/node_modules/composer-cli/node_modules/grpc/src/client.js:586:7 {}$
2019-01-09T05:07:33.631Z ERROR   :HLFConnectionManager     :fabric-client()           [client-utils.js]: sendPeersProposal - Promise is rejected: Error: cannot get package for chaincode (orcicare-network4:0.0.3)
    at /home/ubuntu/.nvm/versions/node/v8.11.1/lib/node_modules/composer-cli/node_modules/fabric-client/lib/Peer.js:114:16
    at /home/ubuntu/.nvm/versions/node/v8.11.1/lib/node_modules/composer-cli/node_modules/grpc/src/client.js:586:7 {}$
2019-01-09T05:08:33.305Z ERROR   :HLFConnectionManager     :fabric-client()           [client-utils.js]: sendPeersProposal - Promise is rejected: Error: 14 UNAVAILABLE: EOF
    at new createStatusError (/home/ubuntu/.nvm/versions/node/v8.11.1/lib/node_modules/composer-cli/node_modules/grpc/src/client.js:64:15)
    at /home/ubuntu/.nvm/versions/node/v8.11.1/lib/node_modules/composer-cli/node_modules/grpc/src/client.js:583:15 {}$
2019-01-09T23:00:00.445Z ERROR   :HLFConnectionManager     :fabric-client()           [client-utils.js]: sendPeersProposal - Promise is rejected: Error: cannot get package for chaincode (orcicare-network4:0.0.3)
    at /home/ubuntu/.nvm/versions/node/v8.11.1/lib/node_modules/composer-cli/node_modules/fabric-client/lib/Peer.js:114:16
    at /home/ubuntu/.nvm/versions/node/v8.11.1/lib/node_modules/composer-cli/node_modules/grpc/src/client.js:586:7 {}$
2019-01-09T23:00:04.487Z WARN    :HLFConnection            :_validatePeerResponses()  Response from attempted peer comms was an error: Error: cannot get package for chaincode (orcicare-network4:0.0.3) {}$
2019-01-09T23:00:11.634Z ERROR   :HLFConnectionManager     :fabric-client()           [client-utils.js]: sendPeersProposal - Promise is rejected: Error: transaction returned with failure: Error: The current identity, with the name 'admin' and the identifier '336f2e42e1830a30aff387d02f367e95a04a90c7e8b5478a57b8fb9e09f4a28f', must be activated (ACTIVATION_REQUIRED)
    at /home/ubuntu/.nvm/versions/node/v8.11.1/lib/node_modules/composer-cli/node_modules/fabric-client/lib/Peer.js:114:16
    at /home/ubuntu/.nvm/versions/node/v8.11.1/lib/node_modules/composer-cli/node_modules/grpc/src/client.js:586:7 {}$
2019-01-09T23:00:11.635Z WARN    :HLFQueryHandler          :queryChaincode()          query payload returned an error: Error: transaction returned with failure: Error: The current identity, with the name 'admin' and the identifier '336f2e42e1830a30aff387d02f367e95a04a90c7e8b5478a57b8fb9e09f4a28f', must be activated (ACTIVATION_REQUIRED) {}$
2019-01-09T23:00:11.636Z ERROR   :HLFConnection            :ping()                    {"message":"Error trying to ping. Error: transaction returned with failure: Error: The current identity, with the name 'admin' and the identifier '336f2e42e1830a30aff387d02f367e95a04a90c7e8b5478a57b8fb9e09f4a28f', must be activated (ACTIVATION_REQUIRED)","stack":"Error: Error trying to ping. Error: transaction returned with failure: Error: The current identity, with the name 'admin' and the identifier '336f2e42e1830a30aff387d02f367e95a04a90c7e8b5478a57b8fb9e09f4a28f', must be activated (ACTIVATION_REQUIRED)\n    at _checkRuntimeVersions.then.catch (/home/ubuntu/.nvm/versions/node/v8.11.1/lib/node_modules/composer-cli/node_modules/composer-connector-hlfv1/lib/hlfconnection.js:886:34)\n    at <anonymous>"}$
2019-01-09T23:00:11.686Z ERROR   :HLFConnectionManager     :fabric-client()           [client-utils.js]: sendPeersProposal - Promise is rejected: Error: cannot retrieve package for chaincode orcicare-network4/0.0.3, error open /var/hyperledger/production/chaincodes/orcicare-network4.0.0.3: no such file or directory
    at /home/ubuntu/.nvm/versions/node/v8.11.1/lib/node_modules/composer-cli/node_modules/fabric-client/lib/Peer.js:114:16
    at /home/ubuntu/.nvm/versions/node/v8.11.1/lib/node_modules/composer-cli/node_modules/grpc/src/client.js:586:7 {}$
2019-01-09T23:00:11.707Z WARN    :HLFConnection            :_validatePeerResponses()  Response from attempted peer comms was an error: Error: cannot retrieve package for chaincode orcicare-network4/0.0.3, error open /var/hyperledger/production/chaincodes/orcicare-network4.0.0.3: no such file or directory {}$
2019-01-09T23:16:09.038Z WARN    :HLFConnection            :_registerForChaincodeEven Eventhub peer0.org1.example.com:7051 for CC Events disconnected with error 14 UNAVAILABLE: EOF {}$
2019-01-09T23:16:09.642Z WARN    :HLFConnection            :_registerForChaincodeEven Eventhub peer0.org2.example.com:7051 for CC Events disconnected with error 14 UNAVAILABLE: EOF {}$
2019-01-09T23:16:09.643Z WARN    :HLFConnection            :_registerForChaincodeEven could not find any connected event hubs out of 2 defined hubs to listen on for chaincode events {}$
2019-01-09T23:47:02.849Z ERROR   :HLFConnectionManager     :fabric-client()           [client-utils.js]: sendPeersProposal - Promise is rejected: Error: cannot get package for chaincode (orcicare-network4:0.0.3)
    at /home/ubuntu/.nvm/versions/node/v8.11.1/lib/node_modules/composer-cli/node_modules/fabric-client/lib/Peer.js:114:16
    at /home/ubuntu/.nvm/versions/node/v8.11.1/lib/node_modules/composer-cli/node_modules/grpc/src/client.js:586:7 {}$
2019-01-09T23:47:06.198Z WARN    :HLFConnection            :_validatePeerResponses()  Response from attempted peer comms was an error: Error: cannot get package for chaincode (orcicare-network4:0.0.3) {}$
2019-01-09T23:47:14.143Z ERROR   :HLFConnectionManager     :fabric-client()           [client-utils.js]: sendPeersProposal - Promise is rejected: Error: transaction returned with failure: Error: The current identity, with the name 'admin' and the identifier '59f5da7df2e206b8b69ee206916d87fe0144cbaeefe50db4c563d9f58670931d', must be activated (ACTIVATION_REQUIRED)
    at /home/ubuntu/.nvm/versions/node/v8.11.1/lib/node_modules/composer-cli/node_modules/fabric-client/lib/Peer.js:114:16
    at /home/ubuntu/.nvm/versions/node/v8.11.1/lib/node_modules/composer-cli/node_modules/grpc/src/client.js:586:7 {}$
2019-01-09T23:47:14.144Z WARN    :HLFQueryHandler          :queryChaincode()          query payload returned an error: Error: transaction returned with failure: Error: The current identity, with the name 'admin' and the identifier '59f5da7df2e206b8b69ee206916d87fe0144cbaeefe50db4c563d9f58670931d', must be activated (ACTIVATION_REQUIRED) {}$
2019-01-09T23:47:14.144Z ERROR   :HLFConnection            :ping()                    {"message":"Error trying to ping. Error: transaction returned with failure: Error: The current identity, with the name 'admin' and the identifier '59f5da7df2e206b8b69ee206916d87fe0144cbaeefe50db4c563d9f58670931d', must be activated (ACTIVATION_REQUIRED)","stack":"Error: Error trying to ping. Error: transaction returned with failure: Error: The current identity, with the name 'admin' and the identifier '59f5da7df2e206b8b69ee206916d87fe0144cbaeefe50db4c563d9f58670931d', must be activated (ACTIVATION_REQUIRED)\n    at _checkRuntimeVersions.then.catch (/home/ubuntu/.nvm/versions/node/v8.11.1/lib/node_modules/composer-cli/node_modules/composer-connector-hlfv1/lib/hlfconnection.js:886:34)\n    at <anonymous>"}$
2019-01-09T23:47:14.188Z ERROR   :HLFConnectionManager     :fabric-client()           [client-utils.js]: sendPeersProposal - Promise is rejected: Error: cannot retrieve package for chaincode orcicare-network4/0.0.3, error open /var/hyperledger/production/chaincodes/orcicare-network4.0.0.3: no such file or directory
    at /home/ubuntu/.nvm/versions/node/v8.11.1/lib/node_modules/composer-cli/node_modules/fabric-client/lib/Peer.js:114:16
    at /home/ubuntu/.nvm/versions/node/v8.11.1/lib/node_modules/composer-cli/node_modules/grpc/src/client.js:586:7 {}$
2019-01-09T23:47:14.210Z WARN    :HLFConnection            :_validatePeerResponses()  Response from attempted peer comms was an error: Error: cannot retrieve package for chaincode orcicare-network4/0.0.3, error open /var/hyperledger/production/chaincodes/orcicare-network4.0.0.3: no such file or directory {}$
